Command line:
   T_ALU_isim_beh.exe
     -simmode  gui
     -simrunnum  0
     -socket  53112

Sun Mar 03 01:20:44 2019


 Elaboration Time: 0.046875 sec

 Current Memory Usage: 5331.07 Meg

 Total Signals          : 62
 Total Nets             : 689
 Total Signal Drivers   : 29
 Total Blocks           : 15
 Total Primitive Blocks : 13
 Total Processes        : 27
 Total Traceable Variables  : 16
 Total Scalar Nets and Variables : 1222
Total Line Count : 72

 Total Simulation Time: 0.09375 sec

 Current Memory Usage: 5645.64 Meg

Sun Mar 03 01:21:15 2019

