Command line:
   T_Substraction32BIT_isim_beh.exe
     -simmode  gui
     -simrunnum  0
     -socket  56100

Sat Feb 23 23:54:03 2019


 Elaboration Time: 0.046875 sec

 Current Memory Usage: 5331.06 Meg

 Total Signals          : 13
 Total Nets             : 197
 Total Signal Drivers   : 8
 Total Blocks           : 6
 Total Primitive Blocks : 5
 Total Processes        : 7
 Total Traceable Variables  : 15
 Total Scalar Nets and Variables : 698
Total Line Count : 17

 Total Simulation Time: 0.0625 sec

 Current Memory Usage: 5331.06 Meg

Sat Feb 23 23:54:28 2019

