Command line:
   T_MUX2TO1_isim_beh.exe
     -simmode  gui
     -simrunnum  0
     -socket  52957

Sun Mar 03 00:40:11 2019


 Elaboration Time: 0.046875 sec

 Current Memory Usage: 5331.45 Meg

 Total Signals          : 8
 Total Nets             : 97
 Total Signal Drivers   : 4
 Total Blocks           : 3
 Total Primitive Blocks : 2
 Total Processes        : 2
 Total Traceable Variables  : 8
 Total Scalar Nets and Variables : 457
Total Line Count : 12

 Total Simulation Time: 0.125 sec

 Current Memory Usage: 5646.02 Meg

Sun Mar 03 00:40:52 2019

