Command line:
   T_ALU_isim_beh.exe
     -simmode  gui
     -simrunnum  0
     -socket  56138

Sun Feb 24 00:05:21 2019


 Elaboration Time: 0.046875 sec

 Current Memory Usage: 5331.1 Meg

 Total Signals          : 61
 Total Nets             : 657
 Total Signal Drivers   : 28
 Total Blocks           : 15
 Total Primitive Blocks : 13
 Total Processes        : 26
 Total Traceable Variables  : 16
 Total Scalar Nets and Variables : 1190
Total Line Count : 74

 Total Simulation Time: 0.0625 sec

 Current Memory Usage: 5331.1 Meg

Sun Feb 24 00:05:49 2019

