Command line:
   T_IFSTAGE_isim_beh.exe
     -simmode  gui
     -simrunnum  0
     -socket  58778

Wed Mar 13 13:21:07 2019


 Elaboration Time: 0.125 sec

 Current Memory Usage: 5394.47 Meg

 Total Signals          : 40
 Total Nets             : 65883
 Total Signal Drivers   : 15
 Total Blocks           : 11
 Total Primitive Blocks : 9
 Total Processes        : 9
 Total Traceable Variables  : 14
 Total Scalar Nets and Variables : 66783
Total Line Count : 44

 Total Simulation Time: 0.21875 sec

 Current Memory Usage: 5237.18 Meg

Wed Mar 13 13:23:06 2019

