Command line:
   T_Substraction32BIT_isim_beh.exe
     -simmode  gui
     -simrunnum  0
     -socket  64319

Wed Feb 27 01:21:15 2019


 Elaboration Time: 0.0625 sec

 Current Memory Usage: 5331.64 Meg

 Total Signals          : 13
 Total Nets             : 197
 Total Signal Drivers   : 8
 Total Blocks           : 6
 Total Primitive Blocks : 5
 Total Processes        : 7
 Total Traceable Variables  : 15
 Total Scalar Nets and Variables : 698
Total Line Count : 17

 Total Simulation Time: 0.0625 sec

 Current Memory Usage: 5331.64 Meg

Wed Feb 27 01:21:20 2019

