Command line:
   T_OR32BIT_isim_beh.exe
     -simmode  gui
     -simrunnum  0
     -socket  64351

Wed Feb 27 01:24:22 2019


 Elaboration Time: 0.03125 sec

 Current Memory Usage: 5330.84 Meg

 Total Signals          : 6
 Total Nets             : 96
 Total Signal Drivers   : 3
 Total Blocks           : 3
 Total Primitive Blocks : 2
 Total Processes        : 2
 Total Traceable Variables  : 8
 Total Scalar Nets and Variables : 456
Total Line Count : 20

 Total Simulation Time: 0.03125 sec

 Current Memory Usage: 5330.84 Meg

Wed Feb 27 01:24:27 2019

