Command line:
   T_Addition32BIT_isim_beh.exe
     -simmode  gui
     -simrunnum  0
     -socket  64309

Wed Feb 27 01:19:46 2019


 Elaboration Time: 0.046875 sec

 Current Memory Usage: 5331.1 Meg

 Total Signals          : 13
 Total Nets             : 197
 Total Signal Drivers   : 8
 Total Blocks           : 6
 Total Primitive Blocks : 5
 Total Processes        : 7
 Total Traceable Variables  : 15
 Total Scalar Nets and Variables : 698
Total Line Count : 26

 Total Simulation Time: 0.046875 sec

 Current Memory Usage: 5331.1 Meg

Wed Feb 27 01:19:55 2019

