Command line:
   T_ROTR_isim_beh.exe
     -simmode  gui
     -simrunnum  0
     -socket  64336

Wed Feb 27 01:23:28 2019


 Elaboration Time: 0.0625 sec

 Current Memory Usage: 5331.45 Meg

 Total Signals          : 4
 Total Nets             : 64
 Total Signal Drivers   : 2
 Total Blocks           : 3
 Total Primitive Blocks : 2
 Total Processes        : 2
 Total Traceable Variables  : 8
 Total Scalar Nets and Variables : 424
Total Line Count : 7

 Total Simulation Time: 0.0625 sec

 Current Memory Usage: 5331.45 Meg

Wed Feb 27 01:23:34 2019

