Command line:
   Addition32BIT_isim_beh.exe
     -simmode  gui
     -simrunnum  0
     -socket  56112

Sat Feb 23 23:59:00 2019


 Elaboration Time: 0.0625 sec

 Current Memory Usage: 5331.04 Meg

 Total Signals          : 8
 Total Nets             : 197
 Total Signal Drivers   : 6
 Total Blocks           : 5
 Total Primitive Blocks : 5
 Total Processes        : 6
 Total Traceable Variables  : 15
 Total Scalar Nets and Variables : 698
Total Line Count : 6

 Total Simulation Time: 0.078125 sec

 Current Memory Usage: 5331.04 Meg

Sat Feb 23 23:59:03 2019

